<?xml version="1.0" encoding="UTF-8"?>
<!-- Generated by org.testng.reporters.JUnitReportReporter -->
<testsuite hostname="Ankita_Bhat" failures="0" tests="1" name="com.steps.ApiSteps" time="0.975" errors="0" timestamp="2023-10-26T11:42:29 CEST" skipped="0">
  <testcase classname="com.steps.ApiSteps" name="WeatherMessageBody" time="0.975"/>
  <system-out/>
</testsuite> <!-- com.steps.ApiSteps -->
